<?xml version="1.0" encoding="UTF-8"?>
<testsuite xmlns:xsi="http://www.w3.org/2001/XMLSchema-instance" xsi:noNamespaceSchemaLocation="https://maven.apache.org/surefire/maven-surefire-plugin/xsd/surefire-test-report-3.0.xsd" version="3.0" name="TestSuite" time="34.158" tests="27" errors="0" skipped="0" failures="0">
  <properties>
    <property name="sun.desktop" value="gnome"/>
    <property name="awt.toolkit" value="sun.awt.X11.XToolkit"/>
    <property name="java.specification.version" value="11"/>
    <property name="webdriver.chrome.driver" value="src/main/resources/chromedriver"/>
    <property name="sun.cpu.isalist" value=""/>
    <property name="sun.jnu.encoding" value="UTF-8"/>
    <property name="java.class.path" value="/home/leticia/projetos/execution-selenium/testsuite-addressbook-testng/target/test-classes:/home/leticia/projetos/execution-selenium/testsuite-addressbook-testng/target/classes:/home/leticia/.m2/repository/io/github/bonigarcia/webdrivermanager/3.0.0/webdrivermanager-3.0.0.jar:/home/leticia/.m2/repository/org/slf4j/slf4j-api/1.7.25/slf4j-api-1.7.25.jar:/home/leticia/.m2/repository/commons-io/commons-io/2.6/commons-io-2.6.jar:/home/leticia/.m2/repository/org/apache/commons/commons-lang3/3.7/commons-lang3-3.7.jar:/home/leticia/.m2/repository/org/apache/httpcomponents/httpclient/4.5.5/httpclient-4.5.5.jar:/home/leticia/.m2/repository/org/apache/httpcomponents/httpcore/4.4.9/httpcore-4.4.9.jar:/home/leticia/.m2/repository/commons-logging/commons-logging/1.2/commons-logging-1.2.jar:/home/leticia/.m2/repository/commons-codec/commons-codec/1.10/commons-codec-1.10.jar:/home/leticia/.m2/repository/org/rauschig/jarchivelib/0.8.0/jarchivelib-0.8.0.jar:/home/leticia/.m2/repository/org/apache/commons/commons-compress/1.14/commons-compress-1.14.jar:/home/leticia/.m2/repository/org/jsoup/jsoup/1.11.3/jsoup-1.11.3.jar:/home/leticia/.m2/repository/junit/junit/4.12/junit-4.12.jar:/home/leticia/.m2/repository/org/hamcrest/hamcrest-core/1.3/hamcrest-core-1.3.jar:/home/leticia/.m2/repository/org/seleniumhq/selenium/selenium-java/3.141.59/selenium-java-3.141.59.jar:/home/leticia/.m2/repository/org/seleniumhq/selenium/selenium-api/3.141.59/selenium-api-3.141.59.jar:/home/leticia/.m2/repository/org/seleniumhq/selenium/selenium-chrome-driver/3.141.59/selenium-chrome-driver-3.141.59.jar:/home/leticia/.m2/repository/org/seleniumhq/selenium/selenium-edge-driver/3.141.59/selenium-edge-driver-3.141.59.jar:/home/leticia/.m2/repository/org/seleniumhq/selenium/selenium-firefox-driver/3.141.59/selenium-firefox-driver-3.141.59.jar:/home/leticia/.m2/repository/org/seleniumhq/selenium/selenium-ie-driver/3.141.59/selenium-ie-driver-3.141.59.jar:/home/leticia/.m2/repository/org/seleniumhq/selenium/selenium-opera-driver/3.141.59/selenium-opera-driver-3.141.59.jar:/home/leticia/.m2/repository/org/seleniumhq/selenium/selenium-remote-driver/3.141.59/selenium-remote-driver-3.141.59.jar:/home/leticia/.m2/repository/org/seleniumhq/selenium/selenium-safari-driver/3.141.59/selenium-safari-driver-3.141.59.jar:/home/leticia/.m2/repository/net/bytebuddy/byte-buddy/1.8.15/byte-buddy-1.8.15.jar:/home/leticia/.m2/repository/org/apache/commons/commons-exec/1.3/commons-exec-1.3.jar:/home/leticia/.m2/repository/com/squareup/okhttp3/okhttp/3.11.0/okhttp-3.11.0.jar:/home/leticia/.m2/repository/com/squareup/okio/okio/1.14.0/okio-1.14.0.jar:/home/leticia/.m2/repository/org/seleniumhq/selenium/selenium-support/3.141.59/selenium-support-3.141.59.jar:/home/leticia/.m2/repository/mysql/mysql-connector-java/6.0.5/mysql-connector-java-6.0.5.jar:/home/leticia/.m2/repository/com/google/inject/guice/4.2.2/guice-4.2.2.jar:/home/leticia/.m2/repository/javax/inject/javax.inject/1/javax.inject-1.jar:/home/leticia/.m2/repository/aopalliance/aopalliance/1.0/aopalliance-1.0.jar:/home/leticia/.m2/repository/com/google/guava/guava/23.0/guava-23.0.jar:/home/leticia/.m2/repository/com/google/code/findbugs/jsr305/1.3.9/jsr305-1.3.9.jar:/home/leticia/.m2/repository/com/google/errorprone/error_prone_annotations/2.0.18/error_prone_annotations-2.0.18.jar:/home/leticia/.m2/repository/com/google/j2objc/j2objc-annotations/1.1/j2objc-annotations-1.1.jar:/home/leticia/.m2/repository/org/codehaus/mojo/animal-sniffer-annotations/1.14/animal-sniffer-annotations-1.14.jar:/home/leticia/.m2/repository/com/google/code/gson/gson/2.8.2/gson-2.8.2.jar:/home/leticia/.m2/repository/org/testng/testng/7.1.0/testng-7.1.0.jar:/home/leticia/.m2/repository/com/beust/jcommander/1.72/jcommander-1.72.jar:/home/leticia/.m2/repository/com/google/inject/guice/4.1.0/guice-4.1.0-no_aop.jar:/home/leticia/.m2/repository/org/yaml/snakeyaml/1.21/snakeyaml-1.21.jar:"/>
    <property name="java.vm.vendor" value="Ubuntu"/>
    <property name="sun.arch.data.model" value="64"/>
    <property name="java.vendor.url" value="https://ubuntu.com/"/>
    <property name="user.timezone" value="America/Sao_Paulo"/>
    <property name="java.vm.specification.version" value="11"/>
    <property name="os.name" value="Linux"/>
    <property name="webdriver.chrome.silentOutput" value="true"/>
    <property name="sun.java.launcher" value="SUN_STANDARD"/>
    <property name="user.country" value="BR"/>
    <property name="sun.boot.library.path" value="/usr/lib/jvm/java-11-openjdk-amd64/lib"/>
    <property name="sun.java.command" value="/home/leticia/projetos/execution-selenium/testsuite-addressbook-testng/target/surefire/surefirebooter-20230731152919825_3.jar /home/leticia/projetos/execution-selenium/testsuite-addressbook-testng/target/surefire 2023-07-31T15-29-19_740-jvmRun1 surefire-20230731152919825_1tmp surefire_0-20230731152919825_2tmp"/>
    <property name="jdk.debug" value="release"/>
    <property name="surefire.test.class.path" value="/home/leticia/projetos/execution-selenium/testsuite-addressbook-testng/target/test-classes:/home/leticia/projetos/execution-selenium/testsuite-addressbook-testng/target/classes:/home/leticia/.m2/repository/io/github/bonigarcia/webdrivermanager/3.0.0/webdrivermanager-3.0.0.jar:/home/leticia/.m2/repository/org/slf4j/slf4j-api/1.7.25/slf4j-api-1.7.25.jar:/home/leticia/.m2/repository/commons-io/commons-io/2.6/commons-io-2.6.jar:/home/leticia/.m2/repository/org/apache/commons/commons-lang3/3.7/commons-lang3-3.7.jar:/home/leticia/.m2/repository/org/apache/httpcomponents/httpclient/4.5.5/httpclient-4.5.5.jar:/home/leticia/.m2/repository/org/apache/httpcomponents/httpcore/4.4.9/httpcore-4.4.9.jar:/home/leticia/.m2/repository/commons-logging/commons-logging/1.2/commons-logging-1.2.jar:/home/leticia/.m2/repository/commons-codec/commons-codec/1.10/commons-codec-1.10.jar:/home/leticia/.m2/repository/org/rauschig/jarchivelib/0.8.0/jarchivelib-0.8.0.jar:/home/leticia/.m2/repository/org/apache/commons/commons-compress/1.14/commons-compress-1.14.jar:/home/leticia/.m2/repository/org/jsoup/jsoup/1.11.3/jsoup-1.11.3.jar:/home/leticia/.m2/repository/junit/junit/4.12/junit-4.12.jar:/home/leticia/.m2/repository/org/hamcrest/hamcrest-core/1.3/hamcrest-core-1.3.jar:/home/leticia/.m2/repository/org/seleniumhq/selenium/selenium-java/3.141.59/selenium-java-3.141.59.jar:/home/leticia/.m2/repository/org/seleniumhq/selenium/selenium-api/3.141.59/selenium-api-3.141.59.jar:/home/leticia/.m2/repository/org/seleniumhq/selenium/selenium-chrome-driver/3.141.59/selenium-chrome-driver-3.141.59.jar:/home/leticia/.m2/repository/org/seleniumhq/selenium/selenium-edge-driver/3.141.59/selenium-edge-driver-3.141.59.jar:/home/leticia/.m2/repository/org/seleniumhq/selenium/selenium-firefox-driver/3.141.59/selenium-firefox-driver-3.141.59.jar:/home/leticia/.m2/repository/org/seleniumhq/selenium/selenium-ie-driver/3.141.59/selenium-ie-driver-3.141.59.jar:/home/leticia/.m2/repository/org/seleniumhq/selenium/selenium-opera-driver/3.141.59/selenium-opera-driver-3.141.59.jar:/home/leticia/.m2/repository/org/seleniumhq/selenium/selenium-remote-driver/3.141.59/selenium-remote-driver-3.141.59.jar:/home/leticia/.m2/repository/org/seleniumhq/selenium/selenium-safari-driver/3.141.59/selenium-safari-driver-3.141.59.jar:/home/leticia/.m2/repository/net/bytebuddy/byte-buddy/1.8.15/byte-buddy-1.8.15.jar:/home/leticia/.m2/repository/org/apache/commons/commons-exec/1.3/commons-exec-1.3.jar:/home/leticia/.m2/repository/com/squareup/okhttp3/okhttp/3.11.0/okhttp-3.11.0.jar:/home/leticia/.m2/repository/com/squareup/okio/okio/1.14.0/okio-1.14.0.jar:/home/leticia/.m2/repository/org/seleniumhq/selenium/selenium-support/3.141.59/selenium-support-3.141.59.jar:/home/leticia/.m2/repository/mysql/mysql-connector-java/6.0.5/mysql-connector-java-6.0.5.jar:/home/leticia/.m2/repository/com/google/inject/guice/4.2.2/guice-4.2.2.jar:/home/leticia/.m2/repository/javax/inject/javax.inject/1/javax.inject-1.jar:/home/leticia/.m2/repository/aopalliance/aopalliance/1.0/aopalliance-1.0.jar:/home/leticia/.m2/repository/com/google/guava/guava/23.0/guava-23.0.jar:/home/leticia/.m2/repository/com/google/code/findbugs/jsr305/1.3.9/jsr305-1.3.9.jar:/home/leticia/.m2/repository/com/google/errorprone/error_prone_annotations/2.0.18/error_prone_annotations-2.0.18.jar:/home/leticia/.m2/repository/com/google/j2objc/j2objc-annotations/1.1/j2objc-annotations-1.1.jar:/home/leticia/.m2/repository/org/codehaus/mojo/animal-sniffer-annotations/1.14/animal-sniffer-annotations-1.14.jar:/home/leticia/.m2/repository/com/google/code/gson/gson/2.8.2/gson-2.8.2.jar:/home/leticia/.m2/repository/org/testng/testng/7.1.0/testng-7.1.0.jar:/home/leticia/.m2/repository/com/beust/jcommander/1.72/jcommander-1.72.jar:/home/leticia/.m2/repository/com/google/inject/guice/4.1.0/guice-4.1.0-no_aop.jar:/home/leticia/.m2/repository/org/yaml/snakeyaml/1.21/snakeyaml-1.21.jar:"/>
    <property name="sun.cpu.endian" value="little"/>
    <property name="user.home" value="/home/leticia"/>
    <property name="user.language" value="pt"/>
    <property name="java.specification.vendor" value="Oracle Corporation"/>
    <property name="java.version.date" value="2023-01-17"/>
    <property name="java.home" value="/usr/lib/jvm/java-11-openjdk-amd64"/>
    <property name="file.separator" value="/"/>
    <property name="basedir" value="/home/leticia/projetos/execution-selenium/testsuite-addressbook-testng"/>
    <property name="java.vm.compressedOopsMode" value="Zero based"/>
    <property name="line.separator" value="&#10;"/>
    <property name="java.specification.name" value="Java Platform API Specification"/>
    <property name="java.vm.specification.vendor" value="Oracle Corporation"/>
    <property name="java.awt.graphicsenv" value="sun.awt.X11GraphicsEnvironment"/>
    <property name="surefire.real.class.path" value="/home/leticia/projetos/execution-selenium/testsuite-addressbook-testng/target/surefire/surefirebooter-20230731152919825_3.jar"/>
    <property name="sun.management.compiler" value="HotSpot 64-Bit Tiered Compilers"/>
    <property name="java.runtime.version" value="11.0.18+10-post-Ubuntu-0ubuntu122.04"/>
    <property name="user.name" value="leticia"/>
    <property name="path.separator" value=":"/>
    <property name="os.version" value="6.2.0-76060200-generic"/>
    <property name="java.runtime.name" value="OpenJDK Runtime Environment"/>
    <property name="file.encoding" value="UTF-8"/>
    <property name="java.vm.name" value="OpenJDK 64-Bit Server VM"/>
    <property name="localRepository" value="/home/leticia/.m2/repository"/>
    <property name="java.vendor.url.bug" value="https://bugs.launchpad.net/ubuntu/+source/openjdk-lts"/>
    <property name="java.io.tmpdir" value="/tmp"/>
    <property name="java.version" value="11.0.18"/>
    <property name="user.dir" value="/home/leticia/projetos/execution-selenium/testsuite-addressbook-testng"/>
    <property name="os.arch" value="amd64"/>
    <property name="java.vm.specification.name" value="Java Virtual Machine Specification"/>
    <property name="java.awt.printerjob" value="sun.print.PSPrinterJob"/>
    <property name="sun.os.patch.level" value="unknown"/>
    <property name="java.library.path" value="/usr/java/packages/lib:/usr/lib/x86_64-linux-gnu/jni:/lib/x86_64-linux-gnu:/usr/lib/x86_64-linux-gnu:/usr/lib/jni:/lib:/usr/lib"/>
    <property name="java.vm.info" value="mixed mode, sharing"/>
    <property name="java.vendor" value="Ubuntu"/>
    <property name="java.vm.version" value="11.0.18+10-post-Ubuntu-0ubuntu122.04"/>
    <property name="sun.io.unicode.encoding" value="UnicodeLittle"/>
    <property name="java.class.version" value="55.0"/>
  </properties>
  <testcase name="testAddressBookAddAddressBook" classname="tests.AddressBookAddAddressBookTest" time="0.933">
    <system-err><![CDATA[ChromeDriver was started successfully.
]]></system-err>
  </testcase>
  <testcase name="testAddressBookSearchAddressBookName" classname="tests.AddressBookSearchAddressBookNameTest" time="0.327">
    <system-err><![CDATA[ChromeDriver was started successfully.
]]></system-err>
  </testcase>
  <testcase name="testAddressBookSearchAddressBookEmail" classname="tests.AddressBookSearchAddressBookEmailTest" time="0.3">
    <system-err><![CDATA[ChromeDriver was started successfully.
]]></system-err>
  </testcase>
  <testcase name="testAddressBookAddGroup" classname="tests.AddressBookAddGroupTest" time="0.558">
    <system-err><![CDATA[ChromeDriver was started successfully.
]]></system-err>
  </testcase>
  <testcase name="testAddressBookAssignToGroup" classname="tests.AddressBookAssignToGroupTest" time="0.256">
    <system-err><![CDATA[ChromeDriver was started successfully.
]]></system-err>
  </testcase>
  <testcase name="testAddressBookSearchByGroup" classname="tests.AddressBookSearchByGroupTest" time="0.304">
    <system-err><![CDATA[ChromeDriver was started successfully.
]]></system-err>
  </testcase>
  <testcase name="testAddressBookCheckBirthdayInfo" classname="tests.AddressBookCheckBirthdayInfoTest" time="0.285">
    <system-err><![CDATA[ChromeDriver was started successfully.
]]></system-err>
  </testcase>
  <testcase name="testAddressBookCheckAddressBook" classname="tests.AddressBookCheckAddressBookTest" time="0.248">
    <system-err><![CDATA[ChromeDriver was started successfully.
]]></system-err>
  </testcase>
  <testcase name="testAddressBookPrintAddressBook" classname="tests.AddressBookPrintAddressBookTest" time="0.301">
    <system-err><![CDATA[ChromeDriver was started successfully.
]]></system-err>
  </testcase>
  <testcase name="testAddressBookEditAddressBook" classname="tests.AddressBookEditAddressBookTest" time="0.468">
    <system-err><![CDATA[ChromeDriver was started successfully.
]]></system-err>
  </testcase>
  <testcase name="testAddressBookEditGroup" classname="tests.AddressBookEditGroupTest" time="0.539">
    <system-err><![CDATA[ChromeDriver was started successfully.
]]></system-err>
  </testcase>
  <testcase name="testAddressBookRemoveFromGroup" classname="tests.AddressBookRemoveFromGroupTest" time="0.333">
    <system-err><![CDATA[ChromeDriver was started successfully.
]]></system-err>
  </testcase>
  <testcase name="testAddressBookRemoveGroup" classname="tests.AddressBookRemoveGroupTest" time="0.3">
    <system-err><![CDATA[ChromeDriver was started successfully.
]]></system-err>
  </testcase>
  <testcase name="testAddressBookRemoveAddressBook" classname="tests.AddressBookRemoveAddressBookTest" time="1.313">
    <system-err><![CDATA[ChromeDriver was started successfully.
]]></system-err>
  </testcase>
  <testcase name="testAddressBookAddMultipleAddressBook" classname="tests.AddressBookAddMultipleAddressBookTest" time="2.601">
    <system-err><![CDATA[ChromeDriver was started successfully.
]]></system-err>
  </testcase>
  <testcase name="testAddressBookSearchMultipleAddressBookName" classname="tests.AddressBookSearchMultipleAddressBookNameTest" time="0.689">
    <system-err><![CDATA[ChromeDriver was started successfully.
]]></system-err>
  </testcase>
  <testcase name="testAddressBookAddMultipleGroups" classname="tests.AddressBookAddMultipleGroupsTest" time="1.216">
    <system-err><![CDATA[ChromeDriver was started successfully.
]]></system-err>
  </testcase>
  <testcase name="testAddressBookAssignToMultipleGroups" classname="tests.AddressBookAssignToMultipleGroupsTest" time="2.731">
    <system-err><![CDATA[ChromeDriver was started successfully.
]]></system-err>
  </testcase>
  <testcase name="testAddressBookSearchByMultipleGroups" classname="tests.AddressBookSearchByMultipleGroupsTest" time="0.484">
    <system-err><![CDATA[ChromeDriver was started successfully.
]]></system-err>
  </testcase>
  <testcase name="testAddressBookCheckMultipleBirthdaysInfo" classname="tests.AddressBookCheckMultipleBirthdaysInfoTest" time="0.448">
    <system-err><![CDATA[ChromeDriver was started successfully.
]]></system-err>
  </testcase>
  <testcase name="testAddressBookCheckMultipleAddressBook" classname="tests.AddressBookCheckMultipleAddressBookTest" time="0.31">
    <system-err><![CDATA[ChromeDriver was started successfully.
]]></system-err>
  </testcase>
  <testcase name="testAddressBookPrintMultipleAddressBook" classname="tests.AddressBookPrintMultipleAddressBookTest" time="0.478">
    <system-err><![CDATA[ChromeDriver was started successfully.
]]></system-err>
  </testcase>
  <testcase name="testAddressBookEditMultipleAddressBook" classname="tests.AddressBookEditMultipleAddressBookTest" time="1.223">
    <system-err><![CDATA[ChromeDriver was started successfully.
]]></system-err>
  </testcase>
  <testcase name="testAddressBookEditMultipleGroups" classname="tests.AddressBookEditMultipleGroupsTest" time="2.665">
    <system-err><![CDATA[ChromeDriver was started successfully.
]]></system-err>
  </testcase>
  <testcase name="testAddressBookRemoveFromMultipleGroups" classname="tests.AddressBookRemoveFromMultipleGroupsTest" time="4.07">
    <system-err><![CDATA[ChromeDriver was started successfully.
]]></system-err>
  </testcase>
  <testcase name="testAddressBookRemoveMultipleGroups" classname="tests.AddressBookRemoveMultipleGroupsTest" time="0.473">
    <system-err><![CDATA[ChromeDriver was started successfully.
]]></system-err>
  </testcase>
  <testcase name="testAddressBookRemoveMultipleAddressBook" classname="tests.AddressBookRemoveMultipleAddressBookTest" time="3.712">
    <system-err><![CDATA[ChromeDriver was started successfully.
]]></system-err>
  </testcase>
</testsuite>