<?xml version="1.0" encoding="UTF-8"?>
<!-- Generated by org.testng.reporters.JUnitReportReporter -->
<testsuite hostname="pop-os" failures="0" tests="1" name="tests.LoginUserTest" time="0.742" errors="0" timestamp="2023-07-31T15:17:18 BRT" skipped="0">
  <testcase classname="tests.LoginUserTest" name="testCollabtiveLoginUser" time="0.742"/>
  <system-out/>
</testsuite> <!-- tests.LoginUserTest -->
