<?xml version="1.0" encoding="UTF-8"?>
<!-- Generated by org.testng.reporters.JUnitReportReporter -->
<testsuite hostname="pop-os" failures="0" tests="1" name="tests.OpenMilestoneTest" time="2.134" errors="0" timestamp="2023-07-31T15:17:18 BRT" skipped="0">
  <testcase classname="tests.OpenMilestoneTest" name="testCollabtiveOpenMilestone" time="2.134"/>
  <system-out/>
</testsuite> <!-- tests.OpenMilestoneTest -->
