<?xml version="1.0" encoding="UTF-8"?>
<!-- Generated by org.testng.reporters.JUnitReportReporter -->
<testsuite hostname="pop-os" failures="0" tests="1" name="tests.RemoveTasklistTest" time="1.256" errors="0" timestamp="2023-07-31T15:17:18 BRT" skipped="0">
  <testcase classname="tests.RemoveTasklistTest" name="testCollabtiveRemoveTasklist" time="1.256"/>
  <system-out/>
</testsuite> <!-- tests.RemoveTasklistTest -->
