<?xml version="1.0" encoding="UTF-8"?>
<!-- Generated by org.testng.reporters.JUnitReportReporter -->
<testsuite hostname="pop-os" failures="0" tests="1" name="tests.AddUserAlreadyPresentTest" time="3.223" errors="0" timestamp="2023-07-31T15:17:18 BRT" skipped="0">
  <testcase classname="tests.AddUserAlreadyPresentTest" name="testCollabtiveAddUserAlreadyPresent" time="3.223"/>
  <system-out/>
</testsuite> <!-- tests.AddUserAlreadyPresentTest -->
