<?xml version="1.0" encoding="UTF-8"?>
<!-- Generated by org.testng.reporters.JUnitReportReporter -->
<testsuite hostname="pop-os" failures="0" tests="1" name="tests.RemoveTasksTest" time="1.623" errors="0" timestamp="2023-07-31T15:17:18 BRT" skipped="0">
  <testcase classname="tests.RemoveTasksTest" name="testCollabtiveRemoveTasks" time="1.623"/>
  <system-out/>
</testsuite> <!-- tests.RemoveTasksTest -->
