<?xml version="1.0" encoding="UTF-8"?>
<!-- Generated by org.testng.reporters.JUnitReportReporter -->
<testsuite hostname="pop-os" failures="0" tests="1" name="tests.AddAndRemoveLateMilestoneTest" time="5.721" errors="0" timestamp="2023-07-31T15:17:18 BRT" skipped="0">
  <testcase classname="tests.AddAndRemoveLateMilestoneTest" name="testCollabtiveAddAndRemoveLateMilestone" time="5.721"/>
  <system-out/>
</testsuite> <!-- tests.AddAndRemoveLateMilestoneTest -->
