<?xml version="1.0" encoding="UTF-8"?>
<!-- Generated by org.testng.reporters.JUnitReportReporter -->
<testsuite hostname="pop-os" failures="0" tests="1" name="tests.AddressBookEditGroupTest" time="0.741" errors="0" timestamp="2023-07-31T15:29:54 BRT" skipped="0">
  <testcase classname="tests.AddressBookEditGroupTest" name="testAddressBookEditGroup" time="0.741"/>
  <system-out/>
</testsuite> <!-- tests.AddressBookEditGroupTest -->
