<?xml version="1.0" encoding="UTF-8"?>
<!-- Generated by org.testng.reporters.JUnitReportReporter -->
<testsuite hostname="pop-os" failures="0" tests="1" name="tests.AddressBookSearchAddressBookNameTest" time="0.567" errors="0" timestamp="2023-07-31T15:29:54 BRT" skipped="0">
  <testcase classname="tests.AddressBookSearchAddressBookNameTest" name="testAddressBookSearchAddressBookName" time="0.567"/>
  <system-out/>
</testsuite> <!-- tests.AddressBookSearchAddressBookNameTest -->
