<?xml version="1.0" encoding="UTF-8"?>
<!-- Generated by org.testng.reporters.JUnitReportReporter -->
<testsuite hostname="pop-os" failures="0" tests="1" name="tests.AddressBookPrintMultipleAddressBookTest" time="0.678" errors="0" timestamp="2023-07-31T15:29:54 BRT" skipped="0">
  <testcase classname="tests.AddressBookPrintMultipleAddressBookTest" name="testAddressBookPrintMultipleAddressBook" time="0.678"/>
  <system-out/>
</testsuite> <!-- tests.AddressBookPrintMultipleAddressBookTest -->
