<?xml version="1.0" encoding="UTF-8"?>
<!-- Generated by org.testng.reporters.JUnitReportReporter -->
<testsuite hostname="pop-os" failures="0" tests="1" name="tests.AddressBookEditMultipleGroupsTest" time="2.893" errors="0" timestamp="2023-07-31T15:29:54 BRT" skipped="0">
  <testcase classname="tests.AddressBookEditMultipleGroupsTest" name="testAddressBookEditMultipleGroups" time="2.893"/>
  <system-out/>
</testsuite> <!-- tests.AddressBookEditMultipleGroupsTest -->
