<?xml version="1.0" encoding="UTF-8"?>
<!-- Generated by org.testng.reporters.JUnitReportReporter -->
<testsuite hostname="pop-os" failures="0" tests="1" name="tests.AddressBookRemoveMultipleAddressBookTest" time="3.916" errors="0" timestamp="2023-07-31T15:29:54 BRT" skipped="0">
  <testcase classname="tests.AddressBookRemoveMultipleAddressBookTest" name="testAddressBookRemoveMultipleAddressBook" time="3.916"/>
  <system-out/>
</testsuite> <!-- tests.AddressBookRemoveMultipleAddressBookTest -->
