<?xml version="1.0" encoding="UTF-8"?>
<!-- Generated by org.testng.reporters.JUnitReportReporter -->
<testsuite hostname="pop-os" failures="0" tests="1" name="tests.AddressBookRemoveMultipleGroupsTest" time="0.705" errors="0" timestamp="2023-07-31T15:29:54 BRT" skipped="0">
  <testcase classname="tests.AddressBookRemoveMultipleGroupsTest" name="testAddressBookRemoveMultipleGroups" time="0.705"/>
  <system-out/>
</testsuite> <!-- tests.AddressBookRemoveMultipleGroupsTest -->
