<?xml version="1.0" encoding="UTF-8"?>
<!-- Generated by org.testng.reporters.JUnitReportReporter -->
<testsuite hostname="pop-os" failures="0" tests="1" name="tests.AddressBookAssignToMultipleGroupsTest" time="2.936" errors="0" timestamp="2023-07-31T15:29:54 BRT" skipped="0">
  <testcase classname="tests.AddressBookAssignToMultipleGroupsTest" name="testAddressBookAssignToMultipleGroups" time="2.936"/>
  <system-out/>
</testsuite> <!-- tests.AddressBookAssignToMultipleGroupsTest -->
