<?xml version="1.0" encoding="UTF-8"?>
<!-- Generated by org.testng.reporters.JUnitReportReporter -->
<testsuite hostname="pop-os" failures="0" tests="1" name="tests.AddressBookRemoveFromMultipleGroupsTest" time="4.270" errors="0" timestamp="2023-07-31T15:29:54 BRT" skipped="0">
  <testcase classname="tests.AddressBookRemoveFromMultipleGroupsTest" name="testAddressBookRemoveFromMultipleGroups" time="4.270"/>
  <system-out/>
</testsuite> <!-- tests.AddressBookRemoveFromMultipleGroupsTest -->
