<?xml version="1.0" encoding="UTF-8"?>
<testsuite xmlns:xsi="http://www.w3.org/2001/XMLSchema-instance" xsi:noNamespaceSchemaLocation="https://maven.apache.org/surefire/maven-surefire-plugin/xsd/surefire-test-report-3.0.xsd" version="3.0" name="TestSuite" time="141.565" tests="40" errors="0" skipped="0" failures="0">
  <properties>
    <property name="sun.desktop" value="gnome"/>
    <property name="awt.toolkit" value="sun.awt.X11.XToolkit"/>
    <property name="java.specification.version" value="11"/>
    <property name="webdriver.chrome.driver" value="src/main/resources/chromedriver"/>
    <property name="sun.cpu.isalist" value=""/>
    <property name="sun.jnu.encoding" value="UTF-8"/>
    <property name="java.class.path" value="/home/leticia/projetos/execution-selenium/testsuite-collabtive-testng/target/test-classes:/home/leticia/projetos/execution-selenium/testsuite-collabtive-testng/target/classes:/home/leticia/.m2/repository/io/github/bonigarcia/webdrivermanager/3.0.0/webdrivermanager-3.0.0.jar:/home/leticia/.m2/repository/org/slf4j/slf4j-api/1.7.25/slf4j-api-1.7.25.jar:/home/leticia/.m2/repository/commons-io/commons-io/2.6/commons-io-2.6.jar:/home/leticia/.m2/repository/com/google/code/gson/gson/2.8.5/gson-2.8.5.jar:/home/leticia/.m2/repository/org/apache/commons/commons-lang3/3.7/commons-lang3-3.7.jar:/home/leticia/.m2/repository/org/apache/httpcomponents/httpclient/4.5.5/httpclient-4.5.5.jar:/home/leticia/.m2/repository/org/apache/httpcomponents/httpcore/4.4.9/httpcore-4.4.9.jar:/home/leticia/.m2/repository/commons-logging/commons-logging/1.2/commons-logging-1.2.jar:/home/leticia/.m2/repository/commons-codec/commons-codec/1.10/commons-codec-1.10.jar:/home/leticia/.m2/repository/org/rauschig/jarchivelib/0.8.0/jarchivelib-0.8.0.jar:/home/leticia/.m2/repository/org/apache/commons/commons-compress/1.14/commons-compress-1.14.jar:/home/leticia/.m2/repository/org/jsoup/jsoup/1.11.3/jsoup-1.11.3.jar:/home/leticia/.m2/repository/junit/junit/4.12/junit-4.12.jar:/home/leticia/.m2/repository/org/hamcrest/hamcrest-core/1.3/hamcrest-core-1.3.jar:/home/leticia/.m2/repository/org/seleniumhq/selenium/selenium-java/3.141.5/selenium-java-3.141.5.jar:/home/leticia/.m2/repository/org/seleniumhq/selenium/selenium-api/3.141.5/selenium-api-3.141.5.jar:/home/leticia/.m2/repository/org/seleniumhq/selenium/selenium-chrome-driver/3.141.5/selenium-chrome-driver-3.141.5.jar:/home/leticia/.m2/repository/org/seleniumhq/selenium/selenium-edge-driver/3.141.5/selenium-edge-driver-3.141.5.jar:/home/leticia/.m2/repository/org/seleniumhq/selenium/selenium-firefox-driver/3.141.5/selenium-firefox-driver-3.141.5.jar:/home/leticia/.m2/repository/org/seleniumhq/selenium/selenium-ie-driver/3.141.5/selenium-ie-driver-3.141.5.jar:/home/leticia/.m2/repository/org/seleniumhq/selenium/selenium-opera-driver/3.141.5/selenium-opera-driver-3.141.5.jar:/home/leticia/.m2/repository/org/seleniumhq/selenium/selenium-remote-driver/3.141.5/selenium-remote-driver-3.141.5.jar:/home/leticia/.m2/repository/org/seleniumhq/selenium/selenium-safari-driver/3.141.5/selenium-safari-driver-3.141.5.jar:/home/leticia/.m2/repository/org/seleniumhq/selenium/selenium-support/3.141.5/selenium-support-3.141.5.jar:/home/leticia/.m2/repository/net/bytebuddy/byte-buddy/1.8.15/byte-buddy-1.8.15.jar:/home/leticia/.m2/repository/org/apache/commons/commons-exec/1.3/commons-exec-1.3.jar:/home/leticia/.m2/repository/com/google/guava/guava/25.0-jre/guava-25.0-jre.jar:/home/leticia/.m2/repository/com/google/code/findbugs/jsr305/1.3.9/jsr305-1.3.9.jar:/home/leticia/.m2/repository/org/checkerframework/checker-compat-qual/2.0.0/checker-compat-qual-2.0.0.jar:/home/leticia/.m2/repository/com/google/errorprone/error_prone_annotations/2.1.3/error_prone_annotations-2.1.3.jar:/home/leticia/.m2/repository/com/google/j2objc/j2objc-annotations/1.1/j2objc-annotations-1.1.jar:/home/leticia/.m2/repository/org/codehaus/mojo/animal-sniffer-annotations/1.14/animal-sniffer-annotations-1.14.jar:/home/leticia/.m2/repository/com/squareup/okhttp3/okhttp/3.11.0/okhttp-3.11.0.jar:/home/leticia/.m2/repository/com/squareup/okio/okio/1.14.0/okio-1.14.0.jar:/home/leticia/.m2/repository/mysql/mysql-connector-java/6.0.5/mysql-connector-java-6.0.5.jar:/home/leticia/.m2/repository/com/google/inject/guice/4.2.2/guice-4.2.2.jar:/home/leticia/.m2/repository/javax/inject/javax.inject/1/javax.inject-1.jar:/home/leticia/.m2/repository/aopalliance/aopalliance/1.0/aopalliance-1.0.jar:/home/leticia/.m2/repository/org/testng/testng/7.1.0/testng-7.1.0.jar:/home/leticia/.m2/repository/com/beust/jcommander/1.72/jcommander-1.72.jar:/home/leticia/.m2/repository/com/google/inject/guice/4.1.0/guice-4.1.0-no_aop.jar:/home/leticia/.m2/repository/org/yaml/snakeyaml/1.21/snakeyaml-1.21.jar:"/>
    <property name="java.vm.vendor" value="Ubuntu"/>
    <property name="sun.arch.data.model" value="64"/>
    <property name="java.vendor.url" value="https://ubuntu.com/"/>
    <property name="user.timezone" value="America/Sao_Paulo"/>
    <property name="java.vm.specification.version" value="11"/>
    <property name="os.name" value="Linux"/>
    <property name="webdriver.chrome.silentOutput" value="true"/>
    <property name="sun.java.launcher" value="SUN_STANDARD"/>
    <property name="user.country" value="BR"/>
    <property name="sun.boot.library.path" value="/usr/lib/jvm/java-11-openjdk-amd64/lib"/>
    <property name="sun.java.command" value="/home/leticia/projetos/execution-selenium/testsuite-collabtive-testng/target/surefire/surefirebooter-20230731151456240_3.jar /home/leticia/projetos/execution-selenium/testsuite-collabtive-testng/target/surefire 2023-07-31T15-14-56_133-jvmRun1 surefire-20230731151456240_1tmp surefire_0-20230731151456240_2tmp"/>
    <property name="jdk.debug" value="release"/>
    <property name="surefire.test.class.path" value="/home/leticia/projetos/execution-selenium/testsuite-collabtive-testng/target/test-classes:/home/leticia/projetos/execution-selenium/testsuite-collabtive-testng/target/classes:/home/leticia/.m2/repository/io/github/bonigarcia/webdrivermanager/3.0.0/webdrivermanager-3.0.0.jar:/home/leticia/.m2/repository/org/slf4j/slf4j-api/1.7.25/slf4j-api-1.7.25.jar:/home/leticia/.m2/repository/commons-io/commons-io/2.6/commons-io-2.6.jar:/home/leticia/.m2/repository/com/google/code/gson/gson/2.8.5/gson-2.8.5.jar:/home/leticia/.m2/repository/org/apache/commons/commons-lang3/3.7/commons-lang3-3.7.jar:/home/leticia/.m2/repository/org/apache/httpcomponents/httpclient/4.5.5/httpclient-4.5.5.jar:/home/leticia/.m2/repository/org/apache/httpcomponents/httpcore/4.4.9/httpcore-4.4.9.jar:/home/leticia/.m2/repository/commons-logging/commons-logging/1.2/commons-logging-1.2.jar:/home/leticia/.m2/repository/commons-codec/commons-codec/1.10/commons-codec-1.10.jar:/home/leticia/.m2/repository/org/rauschig/jarchivelib/0.8.0/jarchivelib-0.8.0.jar:/home/leticia/.m2/repository/org/apache/commons/commons-compress/1.14/commons-compress-1.14.jar:/home/leticia/.m2/repository/org/jsoup/jsoup/1.11.3/jsoup-1.11.3.jar:/home/leticia/.m2/repository/junit/junit/4.12/junit-4.12.jar:/home/leticia/.m2/repository/org/hamcrest/hamcrest-core/1.3/hamcrest-core-1.3.jar:/home/leticia/.m2/repository/org/seleniumhq/selenium/selenium-java/3.141.5/selenium-java-3.141.5.jar:/home/leticia/.m2/repository/org/seleniumhq/selenium/selenium-api/3.141.5/selenium-api-3.141.5.jar:/home/leticia/.m2/repository/org/seleniumhq/selenium/selenium-chrome-driver/3.141.5/selenium-chrome-driver-3.141.5.jar:/home/leticia/.m2/repository/org/seleniumhq/selenium/selenium-edge-driver/3.141.5/selenium-edge-driver-3.141.5.jar:/home/leticia/.m2/repository/org/seleniumhq/selenium/selenium-firefox-driver/3.141.5/selenium-firefox-driver-3.141.5.jar:/home/leticia/.m2/repository/org/seleniumhq/selenium/selenium-ie-driver/3.141.5/selenium-ie-driver-3.141.5.jar:/home/leticia/.m2/repository/org/seleniumhq/selenium/selenium-opera-driver/3.141.5/selenium-opera-driver-3.141.5.jar:/home/leticia/.m2/repository/org/seleniumhq/selenium/selenium-remote-driver/3.141.5/selenium-remote-driver-3.141.5.jar:/home/leticia/.m2/repository/org/seleniumhq/selenium/selenium-safari-driver/3.141.5/selenium-safari-driver-3.141.5.jar:/home/leticia/.m2/repository/org/seleniumhq/selenium/selenium-support/3.141.5/selenium-support-3.141.5.jar:/home/leticia/.m2/repository/net/bytebuddy/byte-buddy/1.8.15/byte-buddy-1.8.15.jar:/home/leticia/.m2/repository/org/apache/commons/commons-exec/1.3/commons-exec-1.3.jar:/home/leticia/.m2/repository/com/google/guava/guava/25.0-jre/guava-25.0-jre.jar:/home/leticia/.m2/repository/com/google/code/findbugs/jsr305/1.3.9/jsr305-1.3.9.jar:/home/leticia/.m2/repository/org/checkerframework/checker-compat-qual/2.0.0/checker-compat-qual-2.0.0.jar:/home/leticia/.m2/repository/com/google/errorprone/error_prone_annotations/2.1.3/error_prone_annotations-2.1.3.jar:/home/leticia/.m2/repository/com/google/j2objc/j2objc-annotations/1.1/j2objc-annotations-1.1.jar:/home/leticia/.m2/repository/org/codehaus/mojo/animal-sniffer-annotations/1.14/animal-sniffer-annotations-1.14.jar:/home/leticia/.m2/repository/com/squareup/okhttp3/okhttp/3.11.0/okhttp-3.11.0.jar:/home/leticia/.m2/repository/com/squareup/okio/okio/1.14.0/okio-1.14.0.jar:/home/leticia/.m2/repository/mysql/mysql-connector-java/6.0.5/mysql-connector-java-6.0.5.jar:/home/leticia/.m2/repository/com/google/inject/guice/4.2.2/guice-4.2.2.jar:/home/leticia/.m2/repository/javax/inject/javax.inject/1/javax.inject-1.jar:/home/leticia/.m2/repository/aopalliance/aopalliance/1.0/aopalliance-1.0.jar:/home/leticia/.m2/repository/org/testng/testng/7.1.0/testng-7.1.0.jar:/home/leticia/.m2/repository/com/beust/jcommander/1.72/jcommander-1.72.jar:/home/leticia/.m2/repository/com/google/inject/guice/4.1.0/guice-4.1.0-no_aop.jar:/home/leticia/.m2/repository/org/yaml/snakeyaml/1.21/snakeyaml-1.21.jar:"/>
    <property name="sun.cpu.endian" value="little"/>
    <property name="user.home" value="/home/leticia"/>
    <property name="user.language" value="pt"/>
    <property name="java.specification.vendor" value="Oracle Corporation"/>
    <property name="java.version.date" value="2023-01-17"/>
    <property name="java.home" value="/usr/lib/jvm/java-11-openjdk-amd64"/>
    <property name="file.separator" value="/"/>
    <property name="basedir" value="/home/leticia/projetos/execution-selenium/testsuite-collabtive-testng"/>
    <property name="java.vm.compressedOopsMode" value="Zero based"/>
    <property name="line.separator" value="&#10;"/>
    <property name="java.specification.name" value="Java Platform API Specification"/>
    <property name="java.vm.specification.vendor" value="Oracle Corporation"/>
    <property name="java.awt.graphicsenv" value="sun.awt.X11GraphicsEnvironment"/>
    <property name="surefire.real.class.path" value="/home/leticia/projetos/execution-selenium/testsuite-collabtive-testng/target/surefire/surefirebooter-20230731151456240_3.jar"/>
    <property name="sun.management.compiler" value="HotSpot 64-Bit Tiered Compilers"/>
    <property name="java.runtime.version" value="11.0.18+10-post-Ubuntu-0ubuntu122.04"/>
    <property name="user.name" value="leticia"/>
    <property name="path.separator" value=":"/>
    <property name="os.version" value="6.2.0-76060200-generic"/>
    <property name="java.runtime.name" value="OpenJDK Runtime Environment"/>
    <property name="file.encoding" value="UTF-8"/>
    <property name="java.vm.name" value="OpenJDK 64-Bit Server VM"/>
    <property name="localRepository" value="/home/leticia/.m2/repository"/>
    <property name="java.vendor.url.bug" value="https://bugs.launchpad.net/ubuntu/+source/openjdk-lts"/>
    <property name="java.io.tmpdir" value="/tmp"/>
    <property name="java.version" value="11.0.18"/>
    <property name="user.dir" value="/home/leticia/projetos/execution-selenium/testsuite-collabtive-testng"/>
    <property name="os.arch" value="amd64"/>
    <property name="java.vm.specification.name" value="Java Virtual Machine Specification"/>
    <property name="java.awt.printerjob" value="sun.print.PSPrinterJob"/>
    <property name="sun.os.patch.level" value="unknown"/>
    <property name="java.library.path" value="/usr/java/packages/lib:/usr/lib/x86_64-linux-gnu/jni:/lib/x86_64-linux-gnu:/usr/lib/x86_64-linux-gnu:/usr/lib/jni:/lib:/usr/lib"/>
    <property name="java.vm.info" value="mixed mode, sharing"/>
    <property name="java.vendor" value="Ubuntu"/>
    <property name="java.vm.version" value="11.0.18+10-post-Ubuntu-0ubuntu122.04"/>
    <property name="sun.io.unicode.encoding" value="UnicodeLittle"/>
    <property name="java.class.version" value="55.0"/>
  </properties>
  <testcase name="testCollabtiveAddProject[3000, 127.0.0.1](1)" classname="tests.AddProjectTest" time="7.338">
    <system-err><![CDATA[ChromeDriver was started successfully.
]]></system-err>
  </testcase>
  <testcase name="testCollabtiveEditProject[3000, 127.0.0.1](1)" classname="tests.EditProjectTest" time="2.983">
    <system-err><![CDATA[ChromeDriver was started successfully.
]]></system-err>
  </testcase>
  <testcase name="testCollabtiveSearchProject[3000, 127.0.0.1](1)" classname="tests.SearchProjectTest" time="1.687">
    <system-err><![CDATA[ChromeDriver was started successfully.
]]></system-err>
  </testcase>
  <testcase name="testCollabtiveCloseProject[3000, 127.0.0.1](1)" classname="tests.CloseProjectTest" time="1.781">
    <system-err><![CDATA[ChromeDriver was started successfully.
]]></system-err>
  </testcase>
  <testcase name="testCollabtiveSearchClosedProject[3000, 127.0.0.1](1)" classname="tests.SearchClosedProjectTest" time="1.584">
    <system-err><![CDATA[ChromeDriver was started successfully.
]]></system-err>
  </testcase>
  <testcase name="testCollabtiveOpenProject[3000, 127.0.0.1](1)" classname="tests.OpenProjectTest" time="1.867">
    <system-err><![CDATA[ChromeDriver was started successfully.
]]></system-err>
  </testcase>
  <testcase name="testCollabtiveAddRole[3000, 127.0.0.1](1)" classname="tests.AddRoleTest" time="6.171">
    <system-err><![CDATA[ChromeDriver was started successfully.
Adding newrole1
]]></system-err>
  </testcase>
  <testcase name="testCollabtiveEditRole[3000, 127.0.0.1](1)" classname="tests.EditRoleTest" time="1.901">
    <system-err><![CDATA[ChromeDriver was started successfully.
]]></system-err>
  </testcase>
  <testcase name="testCollabtiveAddUser[3000, 127.0.0.1](1)" classname="tests.AddUserTest" time="6.344">
    <system-err><![CDATA[ChromeDriver was started successfully.
]]></system-err>
  </testcase>
  <testcase name="testCollabtiveEditUserRole" classname="tests.EditUserRoleTest" time="10.408">
    <system-err><![CDATA[ChromeDriver was started successfully.
]]></system-err>
  </testcase>
  <testcase name="testCollabtiveLoginUser[3000, 127.0.0.1](1)" classname="tests.LoginUserTest" time="0.544">
    <system-err><![CDATA[ChromeDriver was started successfully.
]]></system-err>
  </testcase>
  <testcase name="testCollabtiveAssignUserToProject[3000, 127.0.0.1](1)" classname="tests.AssignUserToProjectTest" time="6.945">
    <system-err><![CDATA[ChromeDriver was started successfully.
]]></system-err>
  </testcase>
  <testcase name="testCollabtiveAddMilestone" classname="tests.AddMilestoneTest" time="2.227">
    <system-err><![CDATA[ChromeDriver was started successfully.
]]></system-err>
  </testcase>
  <testcase name="testCollabtiveEditMilestone" classname="tests.EditMilestoneTest" time="1.973">
    <system-err><![CDATA[ChromeDriver was started successfully.
]]></system-err>
  </testcase>
  <testcase name="testCollabtiveCloseMilestone" classname="tests.CloseMilestoneTest" time="2.888">
    <system-err><![CDATA[ChromeDriver was started successfully.
]]></system-err>
  </testcase>
  <testcase name="testCollabtiveOpenMilestone" classname="tests.OpenMilestoneTest" time="1.866">
    <system-err><![CDATA[ChromeDriver was started successfully.
]]></system-err>
  </testcase>
  <testcase name="testCollabtiveAddTasklist" classname="tests.AddTasklistTest" time="5.213">
    <system-err><![CDATA[ChromeDriver was started successfully.
]]></system-err>
  </testcase>
  <testcase name="testCollabtiveCloseTasklist" classname="tests.CloseTasklistTest" time="2.064">
    <system-err><![CDATA[ChromeDriver was started successfully.
]]></system-err>
  </testcase>
  <testcase name="testCollabtiveOpenTasklist" classname="tests.OpenTasklistTest" time="0.769">
    <system-err><![CDATA[ChromeDriver was started successfully.
]]></system-err>
  </testcase>
  <testcase name="testCollabtiveAddAndRemoveMultipleTasks" classname="tests.AddAndRemoveMultipleTasksTest" time="6.722">
    <system-err><![CDATA[ChromeDriver was started successfully.
]]></system-err>
  </testcase>
  <testcase name="testCollabtiveAddTaskDesktopPresent" classname="tests.AddTaskDesktopPresentTest" time="2.259">
    <system-err><![CDATA[ChromeDriver was started successfully.
]]></system-err>
  </testcase>
  <testcase name="testCollabtiveRemoveTaskDesktopNotPresent" classname="tests.RemoveTaskDesktopNotPresentTest" time="1.088">
    <system-err><![CDATA[ChromeDriver was started successfully.
]]></system-err>
  </testcase>
  <testcase name="testCollabtiveAddTasks" classname="tests.AddTasksTest" time="3.261">
    <system-err><![CDATA[ChromeDriver was started successfully.
]]></system-err>
  </testcase>
  <testcase name="testCollabtiveCloseTasks" classname="tests.CloseTasksTest" time="1.933">
    <system-err><![CDATA[ChromeDriver was started successfully.
]]></system-err>
  </testcase>
  <testcase name="testCollabtiveOpenTasks" classname="tests.OpenTasksTest" time="2.82">
    <system-err><![CDATA[ChromeDriver was started successfully.
]]></system-err>
  </testcase>
  <testcase name="testCollabtiveCloseTasksProjectPercentage" classname="tests.CloseTasksProjectPercentageTest" time="2.154">
    <system-err><![CDATA[ChromeDriver was started successfully.
]]></system-err>
  </testcase>
  <testcase name="testCollabtiveOpenTasksProjectPercentage" classname="tests.OpenTasksProjectPercentageTest" time="3.217">
    <system-err><![CDATA[ChromeDriver was started successfully.
]]></system-err>
  </testcase>
  <testcase name="testCollabtiveAddUserAlreadyPresent" classname="tests.AddUserAlreadyPresentTest" time="2.972">
    <system-err><![CDATA[ChromeDriver was started successfully.
]]></system-err>
  </testcase>
  <testcase name="testCollabtiveAddUserEmptyValues" classname="tests.AddUserEmptyValuesTest" time="2.012">
    <system-err><![CDATA[ChromeDriver was started successfully.
]]></system-err>
  </testcase>
  <testcase name="testCollabtiveAddAndRemoveLateMilestone" classname="tests.AddAndRemoveLateMilestoneTest" time="5.464">
    <system-err><![CDATA[ChromeDriver was started successfully.
]]></system-err>
  </testcase>
  <testcase name="testCollabtiveAddMultipleProjects" classname="tests.AddMultipleProjectsTest" time="5.396">
    <system-err><![CDATA[ChromeDriver was started successfully.
]]></system-err>
  </testcase>
  <testcase name="testCollabtiveSearchMultipleProjects" classname="tests.SearchMultipleProjectsTest" time="0.609">
    <system-err><![CDATA[ChromeDriver was started successfully.
]]></system-err>
  </testcase>
  <testcase name="testCollabtiveRemoveMultipleProjects" classname="tests.RemoveMultipleProjectsTest" time="5.211">
    <system-err><![CDATA[ChromeDriver was started successfully.
]]></system-err>
  </testcase>
  <testcase name="testCollabtiveRemoveUserFromProject" classname="tests.RemoveUserFromProjectTest" time="5.746">
    <system-err><![CDATA[ChromeDriver was started successfully.
]]></system-err>
  </testcase>
  <testcase name="testCollabtiveRemoveTasks" classname="tests.RemoveTasksTest" time="1.361">
    <system-err><![CDATA[ChromeDriver was started successfully.
]]></system-err>
  </testcase>
  <testcase name="testCollabtiveRemoveTasklist" classname="tests.RemoveTasklistTest" time="1.025">
    <system-err><![CDATA[ChromeDriver was started successfully.
]]></system-err>
  </testcase>
  <testcase name="testCollabtiveRemoveMilestone" classname="tests.RemoveMilestoneTest" time="2.598">
    <system-err><![CDATA[ChromeDriver was started successfully.
]]></system-err>
  </testcase>
  <testcase name="testCollabtiveRemoveRole" classname="tests.RemoveRoleTest" time="1.943">
    <system-err><![CDATA[ChromeDriver was started successfully.
]]></system-err>
  </testcase>
  <testcase name="testCollabtiveRemoveUser" classname="tests.RemoveUserTest" time="5.503">
    <system-err><![CDATA[ChromeDriver was started successfully.
]]></system-err>
  </testcase>
  <testcase name="testCollabtiveRemoveProject" classname="tests.RemoveProjectTest" time="0.794">
    <system-err><![CDATA[ChromeDriver was started successfully.
]]></system-err>
  </testcase>
</testsuite>