<?xml version="1.0" encoding="UTF-8"?>
<!-- Generated by org.testng.reporters.JUnitReportReporter -->
<testsuite hostname="pop-os" failures="0" tests="1" name="tests.PasswordManagerSearchTagsTest" time="3.037" errors="0" timestamp="2023-07-31T15:39:36 BRT" skipped="0">
  <testcase classname="tests.PasswordManagerSearchTagsTest" name="testPasswordManagerSearchTags" time="3.037"/>
  <system-out/>
</testsuite> <!-- tests.PasswordManagerSearchTagsTest -->
