<?xml version="1.0" encoding="UTF-8"?>
<!-- Generated by org.testng.reporters.JUnitReportReporter -->
<testsuite hostname="pop-os" failures="0" tests="1" name="tests.PasswordManagerSearchEntryByNameTest" time="3.078" errors="0" timestamp="2023-07-31T15:39:36 BRT" skipped="0">
  <testcase classname="tests.PasswordManagerSearchEntryByNameTest" name="testPasswordManagerSearchEntryByName" time="3.078"/>
  <system-out/>
</testsuite> <!-- tests.PasswordManagerSearchEntryByNameTest -->
