<?xml version="1.0" encoding="UTF-8"?>
<!-- Generated by org.testng.reporters.JUnitReportReporter -->
<testsuite hostname="pop-os" failures="0" tests="1" name="tests.PasswordManagerRemoveTagTest" time="0.945" errors="0" timestamp="2023-07-31T15:39:36 BRT" skipped="0">
  <testcase classname="tests.PasswordManagerRemoveTagTest" name="testPasswordManagerRemoveTag" time="0.945"/>
  <system-out/>
</testsuite> <!-- tests.PasswordManagerRemoveTagTest -->
