<?xml version="1.0" encoding="UTF-8"?>
<!-- Generated by org.testng.reporters.JUnitReportReporter -->
<testsuite hostname="pop-os" failures="0" tests="1" name="tests.PasswordManagerSearchEntryByUrlTest" time="3.052" errors="0" timestamp="2023-07-31T15:39:36 BRT" skipped="0">
  <testcase classname="tests.PasswordManagerSearchEntryByUrlTest" name="testPasswordManagerSearchEntryByUrl" time="3.052"/>
  <system-out/>
</testsuite> <!-- tests.PasswordManagerSearchEntryByUrlTest -->
